Build started 2/5/2019 22:36:00.
     1>Project "C:\Users\DELL\Desktop\practicos de estructura\COLASS\COLASS\COLASS.vcxproj" on node 2 (build target(s)).
     1>InitializeBuildStatus:
         Creating "Debug\COLASS.unsuccessfulbuild" because "AlwaysCreate" was specified.
       ClCompile:
         All outputs are up-to-date.
         All outputs are up-to-date.
         C:\Program Files (x86)\Microsoft Visual Studio 10.0\VC\bin\CL.exe /c /Zi /clr:pure /nologo /W3 /WX- /Od /Oy- /D WIN32 /D _DEBUG /D _UNICODE /D UNICODE /EHa /MDd /GS /fp:precise /Zc:wchar_t /Zc:forScope /Fo"Debug\\" /Fd"Debug\vc100.pdb" /TP /analyze- /errorReport:prompt "C:\Users\DELL\AppData\Local\Temp\.NETFramework,Version=v4.0.AssemblyAttributes.cpp"
         .NETFramework,Version=v4.0.AssemblyAttributes.cpp
       CoreResGen:
         No resources are out of date with respect to their source files. Skipping resource generation.
       ResourceCompile:
         All outputs are up-to-date.
       Link:
         C:\Program Files (x86)\Microsoft Visual Studio 10.0\VC\bin\link.exe /ERRORREPORT:PROMPT /OUT:"C:\Users\DELL\Desktop\practicos de estructura\COLASS\Debug\COLASS.exe" /INCREMENTAL /NOLOGO /ASSEMBLYRESOURCE:Debug\COLASS.Form1.resources /MANIFEST /ManifestFile:"Debug\COLASS.exe.intermediate.manifest" /MANIFESTUAC:"level='asInvoker' uiAccess='false'" /DEBUG /PDB:"C:\Users\DELL\Desktop\practicos de estructura\COLASS\Debug\COLASS.pdb" /ASSEMBLYDEBUG /SUBSYSTEM:WINDOWS /TLBID:1 /ENTRY:"main" /DYNAMICBASE /FIXED:NO /NXCOMPAT /MACHINE:X86 Debug\app.res
         Debug\Aplicacion.obj
         Debug\AssemblyInfo.obj
         Debug\Cadena.obj
         Debug\Cola.obj
         Debug\COLASS.obj
         Debug\Naturales.obj
         Debug\Persona.obj
         Debug\stdafx.obj
         "Debug\.NETFramework,Version=v4.0.AssemblyAttributes.obj"
         COLASS.vcxproj -> C:\Users\DELL\Desktop\practicos de estructura\COLASS\Debug\COLASS.exe
       Manifest:
         C:\Program Files (x86)\Microsoft SDKs\Windows\v7.0A\bin\mt.exe /nologo /verbose /outputresource:"C:\Users\DELL\Desktop\practicos de estructura\COLASS\Debug\COLASS.exe;#1" /manifest Debug\COLASS.exe.intermediate.manifest
       FinalizeBuildStatus:
         Deleting file "Debug\COLASS.unsuccessfulbuild".
         Touching "Debug\COLASS.lastbuildstate".
     1>Done Building Project "C:\Users\DELL\Desktop\practicos de estructura\COLASS\COLASS\COLASS.vcxproj" (build target(s)).

Build succeeded.

Time Elapsed 00:00:05.13
